[2023-09-07 21:43:58] local.ERROR: Command "make:contoller" is not defined.

Did you mean one of these?
    make:auth
    make:channel
    make:command
    make:controller
    make:event
    make:exception
    make:factory
    make:job
    make:listener
    make:mail
    make:middleware
    make:migration
    make:model
    make:notification
    make:observer
    make:policy
    make:provider
    make:request
    make:resource
    make:rule
    make:seeder
    make:test {"exception":"[object] (Symfony\\Component\\Console\\Exception\\CommandNotFoundException(code: 0): Command \"make:contoller\" is not defined.

Did you mean one of these?
    make:auth
    make:channel
    make:command
    make:controller
    make:event
    make:exception
    make:factory
    make:job
    make:listener
    make:mail
    make:middleware
    make:migration
    make:model
    make:notification
    make:observer
    make:policy
    make:provider
    make:request
    make:resource
    make:rule
    make:seeder
    make:test at C:\\Users\\USER\\Desktop\\MyPortal\\php-laravel-docker\\vendor\\symfony\\console\\Application.php:678)
[stacktrace]
#0 C:\\Users\\USER\\Desktop\\MyPortal\\php-laravel-docker\\vendor\\symfony\\console\\Application.php(237): Symfony\\Component\\Console\\Application->find('make:contoller')
#1 C:\\Users\\USER\\Desktop\\MyPortal\\php-laravel-docker\\vendor\\symfony\\console\\Application.php(149): Symfony\\Component\\Console\\Application->doRun(Object(Symfony\\Component\\Console\\Input\\ArgvInput), Object(Symfony\\Component\\Console\\Output\\ConsoleOutput))
#2 C:\\Users\\USER\\Desktop\\MyPortal\\php-laravel-docker\\vendor\\laravel\\framework\\src\\Illuminate\\Console\\Application.php(90): Symfony\\Component\\Console\\Application->run(Object(Symfony\\Component\\Console\\Input\\ArgvInput), Object(Symfony\\Component\\Console\\Output\\ConsoleOutput))
#3 C:\\Users\\USER\\Desktop\\MyPortal\\php-laravel-docker\\vendor\\laravel\\framework\\src\\Illuminate\\Foundation\\Console\\Kernel.php(133): Illuminate\\Console\\Application->run(Object(Symfony\\Component\\Console\\Input\\ArgvInput), Object(Symfony\\Component\\Console\\Output\\ConsoleOutput))
#4 C:\\Users\\USER\\Desktop\\MyPortal\\php-laravel-docker\\artisan(37): Illuminate\\Foundation\\Console\\Kernel->handle(Object(Symfony\\Component\\Console\\Input\\ArgvInput), Object(Symfony\\Component\\Console\\Output\\ConsoleOutput))
#5 {main}
"} 
[2023-09-07 21:44:06] local.ERROR: Not enough arguments (missing: "name"). {"exception":"[object] (Symfony\\Component\\Console\\Exception\\RuntimeException(code: 0): Not enough arguments (missing: \"name\"). at C:\\Users\\USER\\Desktop\\MyPortal\\php-laravel-docker\\vendor\\symfony\\console\\Input\\Input.php:76)
[stacktrace]
#0 C:\\Users\\USER\\Desktop\\MyPortal\\php-laravel-docker\\vendor\\symfony\\console\\Command\\Command.php(250): Symfony\\Component\\Console\\Input\\Input->validate()
#1 C:\\Users\\USER\\Desktop\\MyPortal\\php-laravel-docker\\vendor\\laravel\\framework\\src\\Illuminate\\Console\\Command.php(170): Symfony\\Component\\Console\\Command\\Command->run(Object(Symfony\\Component\\Console\\Input\\ArgvInput), Object(Illuminate\\Console\\OutputStyle))
#2 C:\\Users\\USER\\Desktop\\MyPortal\\php-laravel-docker\\vendor\\symfony\\console\\Application.php(1021): Illuminate\\Console\\Command->run(Object(Symfony\\Component\\Console\\Input\\ArgvInput), Object(Symfony\\Component\\Console\\Output\\ConsoleOutput))
#3 C:\\Users\\USER\\Desktop\\MyPortal\\php-laravel-docker\\vendor\\symfony\\console\\Application.php(275): Symfony\\Component\\Console\\Application->doRunCommand(Object(Illuminate\\Routing\\Console\\ControllerMakeCommand), Object(Symfony\\Component\\Console\\Input\\ArgvInput), Object(Symfony\\Component\\Console\\Output\\ConsoleOutput))
#4 C:\\Users\\USER\\Desktop\\MyPortal\\php-laravel-docker\\vendor\\symfony\\console\\Application.php(149): Symfony\\Component\\Console\\Application->doRun(Object(Symfony\\Component\\Console\\Input\\ArgvInput), Object(Symfony\\Component\\Console\\Output\\ConsoleOutput))
#5 C:\\Users\\USER\\Desktop\\MyPortal\\php-laravel-docker\\vendor\\laravel\\framework\\src\\Illuminate\\Console\\Application.php(90): Symfony\\Component\\Console\\Application->run(Object(Symfony\\Component\\Console\\Input\\ArgvInput), Object(Symfony\\Component\\Console\\Output\\ConsoleOutput))
#6 C:\\Users\\USER\\Desktop\\MyPortal\\php-laravel-docker\\vendor\\laravel\\framework\\src\\Illuminate\\Foundation\\Console\\Kernel.php(133): Illuminate\\Console\\Application->run(Object(Symfony\\Component\\Console\\Input\\ArgvInput), Object(Symfony\\Component\\Console\\Output\\ConsoleOutput))
#7 C:\\Users\\USER\\Desktop\\MyPortal\\php-laravel-docker\\artisan(37): Illuminate\\Foundation\\Console\\Kernel->handle(Object(Symfony\\Component\\Console\\Input\\ArgvInput), Object(Symfony\\Component\\Console\\Output\\ConsoleOutput))
#8 {main}
"} 
